/*C21*/SET SCHEMA PUBLIC
SET SCHEMA PUBLIC
/*C20*/SET SCHEMA PUBLIC
SET SCHEMA PUBLIC
/*C21*/DELETE FROM MEMO WHERE MEMO='Flyway\u3092\u5b66\u3076'
DELETE FROM MEMO WHERE MEMO='Spock\u3092\u5b66\u3076'
DELETE FROM MEMO WHERE MEMO='Spring Boot\u3092\u5b66\u3076'
DELETE FROM MEMO WHERE MEMO='Thymeleaf\u3092\u5b66\u3076'
INSERT INTO MEMO VALUES('Spring Boot\u3092\u5b66\u3076','\u91d1\u6b21\u90ce','2016-09-08 17:01:00.000000')
INSERT INTO MEMO VALUES('Spock\u3092\u5b66\u3076','\u91d1\u592a\u90ce','2016-09-08 17:02:00.000000')
INSERT INTO MEMO VALUES('Thymeleaf\u3092\u5b66\u3076','\u91d1\u5b57\u5854','2016-09-08 17:03:00.000000')
INSERT INTO MEMO VALUES('Flyway\u3092\u5b66\u3076','\u91d1\u3055\u3093\u9280\u3055\u3093','2016-09-08 17:04:00.000000')
COMMIT
INSERT INTO MEMO VALUES('\u4fdd\u5b58\u3059\u308b\u30e1\u30e2','\u30ab\u30a4\u30dd\u30c1\u3055\u3093','2016-09-09 11:51:02.433000')
DELETE FROM MEMO WHERE MEMO='Flyway\u3092\u5b66\u3076'
DELETE FROM MEMO WHERE MEMO='Spock\u3092\u5b66\u3076'
DELETE FROM MEMO WHERE MEMO='Spring Boot\u3092\u5b66\u3076'
DELETE FROM MEMO WHERE MEMO='Thymeleaf\u3092\u5b66\u3076'
DELETE FROM MEMO WHERE MEMO='\u4fdd\u5b58\u3059\u308b\u30e1\u30e2'
INSERT INTO MEMO VALUES('Spring Boot\u3092\u5b66\u3076','\u91d1\u6b21\u90ce','2016-09-08 17:01:00.000000')
INSERT INTO MEMO VALUES('Spock\u3092\u5b66\u3076','\u91d1\u592a\u90ce','2016-09-08 17:02:00.000000')
INSERT INTO MEMO VALUES('Thymeleaf\u3092\u5b66\u3076','\u91d1\u5b57\u5854','2016-09-08 17:03:00.000000')
INSERT INTO MEMO VALUES('Flyway\u3092\u5b66\u3076','\u91d1\u3055\u3093\u9280\u3055\u3093','2016-09-08 17:04:00.000000')
COMMIT
INSERT INTO MEMO VALUES('','\u30e1\u30e2\u304c\u7a7a\u6587\u5b57','2016-09-09 11:51:02.471000')
DELETE FROM MEMO WHERE MEMO=''
DELETE FROM MEMO WHERE MEMO='Flyway\u3092\u5b66\u3076'
DELETE FROM MEMO WHERE MEMO='Spock\u3092\u5b66\u3076'
DELETE FROM MEMO WHERE MEMO='Spring Boot\u3092\u5b66\u3076'
DELETE FROM MEMO WHERE MEMO='Thymeleaf\u3092\u5b66\u3076'
INSERT INTO MEMO VALUES('Spring Boot\u3092\u5b66\u3076','\u91d1\u6b21\u90ce','2016-09-08 17:01:00.000000')
INSERT INTO MEMO VALUES('Spock\u3092\u5b66\u3076','\u91d1\u592a\u90ce','2016-09-08 17:02:00.000000')
INSERT INTO MEMO VALUES('Thymeleaf\u3092\u5b66\u3076','\u91d1\u5b57\u5854','2016-09-08 17:03:00.000000')
INSERT INTO MEMO VALUES('Flyway\u3092\u5b66\u3076','\u91d1\u3055\u3093\u9280\u3055\u3093','2016-09-08 17:04:00.000000')
COMMIT
INSERT INTO MEMO VALUES('author\u304c\u7a7a\u6587\u5b57','','2016-09-09 11:51:02.478000')
DELETE FROM MEMO WHERE MEMO='Flyway\u3092\u5b66\u3076'
DELETE FROM MEMO WHERE MEMO='Spock\u3092\u5b66\u3076'
DELETE FROM MEMO WHERE MEMO='Spring Boot\u3092\u5b66\u3076'
DELETE FROM MEMO WHERE MEMO='Thymeleaf\u3092\u5b66\u3076'
DELETE FROM MEMO WHERE MEMO='author\u304c\u7a7a\u6587\u5b57'
INSERT INTO MEMO VALUES('Spring Boot\u3092\u5b66\u3076','\u91d1\u6b21\u90ce','2016-09-08 17:01:00.000000')
INSERT INTO MEMO VALUES('Spock\u3092\u5b66\u3076','\u91d1\u592a\u90ce','2016-09-08 17:02:00.000000')
INSERT INTO MEMO VALUES('Thymeleaf\u3092\u5b66\u3076','\u91d1\u5b57\u5854','2016-09-08 17:03:00.000000')
INSERT INTO MEMO VALUES('Flyway\u3092\u5b66\u3076','\u91d1\u3055\u3093\u9280\u3055\u3093','2016-09-08 17:04:00.000000')
COMMIT
DISCONNECT
/*C20*/DISCONNECT
/*C19*/SET SCHEMA PUBLIC
DISCONNECT
/*C18*/SET SCHEMA PUBLIC
DISCONNECT
/*C17*/SET SCHEMA PUBLIC
DISCONNECT
/*C16*/SET SCHEMA PUBLIC
DISCONNECT
/*C15*/SET SCHEMA PUBLIC
DISCONNECT
/*C14*/SET SCHEMA PUBLIC
DISCONNECT
/*C13*/SET SCHEMA PUBLIC
DISCONNECT
/*C12*/SET SCHEMA PUBLIC
DISCONNECT
